Arguments: 
  /Users/ucylvester/.nvm/versions/node/v18.12.1/bin/node /Users/ucylvester/.nvm/versions/node/v18.12.1/bin/yarn add -D @types/node

PATH: 
  /Users/ucylvester/.gem/ruby/3.1.2/bin:/Users/ucylvester/.rubies/ruby-3.1.2/lib/ruby/gems/3.1.0/bin:/Users/ucylvester/.rubies/ruby-3.1.2/bin:/opt/homebrew/opt/ruby/bin:/Users/ucylvester/.nvm/versions/node/v18.12.1/bin:/opt/homebrew/bin:/opt/homebrew/sbin:/usr/local/bin:/System/Cryptexes/App/usr/bin:/usr/bin:/bin:/usr/sbin:/sbin:/Library/Apple/usr/bin:/Users/ucylvester/Library/pnpm:/opt/homebrew/opt/ruby/bin:/Users/ucylvester/.nvm/versions/node/v18.12.1/bin:/opt/homebrew/bin:/opt/homebrew/sbin

Yarn version: 
  1.22.19

Node version: 
  18.12.1

Platform: 
  darwin arm64

Trace: 
  SyntaxError: /Users/ucylvester/Documents/projects/peers/server/package.json: Unexpected token } in JSON at position 175
      at JSON.parse (<anonymous>)
      at /Users/ucylvester/.nvm/versions/node/v18.12.1/lib/node_modules/yarn/lib/cli.js:1629:59
      at Generator.next (<anonymous>)
      at step (/Users/ucylvester/.nvm/versions/node/v18.12.1/lib/node_modules/yarn/lib/cli.js:310:30)
      at /Users/ucylvester/.nvm/versions/node/v18.12.1/lib/node_modules/yarn/lib/cli.js:321:13

npm manifest: 
  {
    "name": "server",
    "version": "1.0.0",
    "description": "peer server",
    "type": "module",
    "main": "index.js",
    "license": "MIT",
    "scripts": {
      "build": "tsc",
    },
    "devDependencies": {
      "typescript": "^5.2.2"
    }
  }

yarn manifest: 
  No manifest

Lockfile: 
  # THIS IS AN AUTOGENERATED FILE. DO NOT EDIT THIS FILE DIRECTLY.
  # yarn lockfile v1
  
  
  typescript@^5.2.2:
    version "5.2.2"
    resolved "https://registry.yarnpkg.com/typescript/-/typescript-5.2.2.tgz#5ebb5e5a5b75f085f22bc3f8460fba308310fa78"
    integrity sha512-mI4WrpHsbCIcwT9cF4FZvr80QUeKvsUsUvKDoR+X/7XHQH98xYD8YHZg7ANtz2GtZt/CBq2QJ0thkGJMHfqc1w==
